<?xml version="1.0" encoding="UTF-8"?>
<!-- Generated by org.testng.reporters.JUnitReportReporter -->
<testsuite hostname="anu" failures="0" tests="2" name="com.sevenrmartsupermaket.tests.ManageLocationPageTest" time="6.196" errors="0" timestamp="2024-03-12T11:38:38 IST" skipped="0">
  <testcase classname="com.sevenrmartsupermaket.tests.ManageLocationPageTest" name="verifySearchLocation" time="2.865"/>
  <system-out/>
  <testcase classname="com.sevenrmartsupermaket.tests.ManageLocationPageTest" name="verifyNewLocationCreation" time="3.331"/>
  <system-out/>
</testsuite> <!-- com.sevenrmartsupermaket.tests.ManageLocationPageTest -->
