<?xml version="1.0" encoding="UTF-8"?>
<!-- Generated by org.testng.reporters.JUnitReportReporter -->
<testsuite hostname="anu" failures="0" tests="1" name="com.sevenrmartsupermaket.tests.LoginTest" time="7.687" errors="0" timestamp="2024-03-13T19:30:13 IST" skipped="0">
  <testcase classname="com.sevenrmartsupermaket.tests.LoginTest" name="verifyLogin" time="7.687"/>
  <system-out/>
</testsuite> <!-- com.sevenrmartsupermaket.tests.LoginTest -->
