<?xml version="1.0" encoding="UTF-8"?>
<!-- Generated by org.testng.reporters.JUnitReportReporter -->
<testsuite hostname="anu" failures="0" tests="3" name="com.sevenrmartsupermaket.tests.PushNotificationsTest" time="16.939" errors="0" timestamp="2024-03-11T08:03:09 IST" skipped="0">
  <testcase classname="com.sevenrmartsupermaket.tests.PushNotificationsTest" name="verifyResetButtonFunctionality" time="4.016"/>
  <system-out/>
  <testcase classname="com.sevenrmartsupermaket.tests.PushNotificationsTest" name="printExcelData" time="6.160"/>
  <system-out/>
  <testcase classname="com.sevenrmartsupermaket.tests.PushNotificationsTest" name="verifyPushNotifications" time="6.763"/>
  <system-out/>
</testsuite> <!-- com.sevenrmartsupermaket.tests.PushNotificationsTest -->
