<?xml version="1.0" encoding="UTF-8"?>
<!-- Generated by org.testng.reporters.JUnitReportReporter -->
<testsuite hostname="anu" failures="0" tests="1" name="com.sevenrmartsupermaket.tests.ManageExpenseTest" time="14.306" errors="0" timestamp="2024-03-13T23:44:29 IST" skipped="0">
  <testcase classname="com.sevenrmartsupermaket.tests.ManageExpenseTest" name="verifyMultipleExpenseCreationFromExcel" time="14.306"/>
  <system-out/>
</testsuite> <!-- com.sevenrmartsupermaket.tests.ManageExpenseTest -->
